AH00558: apache2: Could not reliably determine the server's fully qualified domain name, using 172.28.0.3. Set the 'ServerName' directive globally to suppress this message
[Tue Mar 05 11:49:31.800376 2019] [mpm_prefork:notice] [pid 8] AH00163: Apache/2.4.25 (Debian) PHP/7.3.2 configured -- resuming normal operations
[Tue Mar 05 11:49:31.800482 2019] [core:notice] [pid 8] AH00094: Command line: '/usr/sbin/apache2 -D FOREGROUND'
AH00558: apache2: Could not reliably determine the server's fully qualified domain name, using 172.29.0.3. Set the 'ServerName' directive globally to suppress this message
[Tue Mar 05 11:50:22.182812 2019] [mpm_prefork:notice] [pid 8] AH00163: Apache/2.4.25 (Debian) PHP/7.3.2 configured -- resuming normal operations
[Tue Mar 05 11:50:22.182918 2019] [core:notice] [pid 8] AH00094: Command line: '/usr/sbin/apache2 -D FOREGROUND'
AH00558: apache2: Could not reliably determine the server's fully qualified domain name, using 172.30.0.3. Set the 'ServerName' directive globally to suppress this message
[Tue Mar 05 11:59:49.356765 2019] [mpm_prefork:notice] [pid 12] AH00163: Apache/2.4.25 (Debian) PHP/7.3.2 configured -- resuming normal operations
[Tue Mar 05 11:59:49.356854 2019] [core:notice] [pid 12] AH00094: Command line: '/usr/sbin/apache2 -D FOREGROUND'
AH00558: apache2: Could not reliably determine the server's fully qualified domain name, using 172.31.0.3. Set the 'ServerName' directive globally to suppress this message
[Tue Mar 05 12:05:36.259839 2019] [mpm_prefork:notice] [pid 9] AH00163: Apache/2.4.25 (Debian) PHP/7.3.2 configured -- resuming normal operations
[Tue Mar 05 12:05:36.259928 2019] [core:notice] [pid 9] AH00094: Command line: '/usr/sbin/apache2 -D FOREGROUND'
[Wed Mar 06 09:18:04.434844 2019] [autoindex:error] [pid 13] [client 172.22.0.163:59332] AH01276: Cannot serve directory /var/www/html/: No matching DirectoryIndex (index.php,index.html) found, and server-generated directory index forbidden by Options directive
AH00558: apache2: Could not reliably determine the server's fully qualified domain name, using 172.31.0.3. Set the 'ServerName' directive globally to suppress this message
[Thu Mar 07 15:11:05.993321 2019] [mpm_prefork:notice] [pid 9] AH00163: Apache/2.4.25 (Debian) PHP/7.3.2 configured -- resuming normal operations
[Thu Mar 07 15:11:05.993418 2019] [core:notice] [pid 9] AH00094: Command line: '/usr/sbin/apache2 -D FOREGROUND'
[Thu Mar 07 15:11:14.784133 2019] [autoindex:error] [pid 10] [client 172.23.0.70:15634] AH01276: Cannot serve directory /var/www/html/: No matching DirectoryIndex (index.php,index.html) found, and server-generated directory index forbidden by Options directive
AH00558: apache2: Could not reliably determine the server's fully qualified domain name, using 172.31.0.3. Set the 'ServerName' directive globally to suppress this message
[Thu Mar 07 15:14:01.395941 2019] [mpm_prefork:notice] [pid 8] AH00163: Apache/2.4.25 (Debian) PHP/7.3.2 configured -- resuming normal operations
[Thu Mar 07 15:14:01.396037 2019] [core:notice] [pid 8] AH00094: Command line: '/usr/sbin/apache2 -D FOREGROUND'
AH00558: apache2: Could not reliably determine the server's fully qualified domain name, using 172.31.0.3. Set the 'ServerName' directive globally to suppress this message
[Thu Mar 07 15:27:16.233424 2019] [mpm_prefork:notice] [pid 10] AH00163: Apache/2.4.25 (Debian) PHP/7.3.2 configured -- resuming normal operations
[Thu Mar 07 15:27:16.233516 2019] [core:notice] [pid 10] AH00094: Command line: '/usr/sbin/apache2 -D FOREGROUND'
AH00558: apache2: Could not reliably determine the server's fully qualified domain name, using 172.31.0.3. Set the 'ServerName' directive globally to suppress this message
[Thu Mar 07 15:29:05.786107 2019] [core:warn] [pid 8] AH00098: pid file /var/run/apache2/apache2.pid overwritten -- Unclean shutdown of previous Apache run?
[Thu Mar 07 15:29:05.790209 2019] [mpm_prefork:notice] [pid 8] AH00163: Apache/2.4.25 (Debian) PHP/7.3.2 configured -- resuming normal operations
[Thu Mar 07 15:29:05.790243 2019] [core:notice] [pid 8] AH00094: Command line: '/usr/sbin/apache2 -D FOREGROUND'
AH00558: apache2: Could not reliably determine the server's fully qualified domain name, using 172.31.0.3. Set the 'ServerName' directive globally to suppress this message
[Thu Mar 07 15:40:37.973978 2019] [mpm_prefork:notice] [pid 10] AH00163: Apache/2.4.25 (Debian) PHP/7.3.2 configured -- resuming normal operations
[Thu Mar 07 15:40:37.974061 2019] [core:notice] [pid 10] AH00094: Command line: '/usr/sbin/apache2 -D FOREGROUND'
AH00558: apache2: Could not reliably determine the server's fully qualified domain name, using 172.31.0.3. Set the 'ServerName' directive globally to suppress this message
[Thu Mar 07 15:57:19.597006 2019] [mpm_prefork:notice] [pid 10] AH00163: Apache/2.4.25 (Debian) PHP/7.3.2 configured -- resuming normal operations
[Thu Mar 07 15:57:19.597096 2019] [core:notice] [pid 10] AH00094: Command line: '/usr/sbin/apache2 -D FOREGROUND'
AH00558: apache2: Could not reliably determine the server's fully qualified domain name, using 172.31.0.3. Set the 'ServerName' directive globally to suppress this message
[Thu Mar 07 16:00:01.177279 2019] [mpm_prefork:notice] [pid 8] AH00163: Apache/2.4.25 (Debian) PHP/7.3.2 configured -- resuming normal operations
[Thu Mar 07 16:00:01.177379 2019] [core:notice] [pid 8] AH00094: Command line: '/usr/sbin/apache2 -D FOREGROUND'
AH00558: apache2: Could not reliably determine the server's fully qualified domain name, using 172.31.0.3. Set the 'ServerName' directive globally to suppress this message
[Thu Mar 07 16:02:12.637178 2019] [mpm_prefork:notice] [pid 9] AH00163: Apache/2.4.25 (Debian) PHP/7.3.2 configured -- resuming normal operations
[Thu Mar 07 16:02:12.637268 2019] [core:notice] [pid 9] AH00094: Command line: '/usr/sbin/apache2 -D FOREGROUND'
AH00558: apache2: Could not reliably determine the server's fully qualified domain name, using 172.31.0.3. Set the 'ServerName' directive globally to suppress this message
[Thu Mar 07 16:09:46.266456 2019] [mpm_prefork:notice] [pid 9] AH00163: Apache/2.4.25 (Debian) PHP/7.3.2 configured -- resuming normal operations
[Thu Mar 07 16:09:46.266554 2019] [core:notice] [pid 9] AH00094: Command line: '/usr/sbin/apache2 -D FOREGROUND'
